[1227/191407.733:ERROR:settings.cc(319)] Settings magic is not 1129342067
[1012/162306.523:ERROR:directory_reader_win.cc(43)] FindFirstFile: The system cannot find the path specified. (0x3)
[1013/162306.372:ERROR:directory_reader_win.cc(43)] FindFirstFile: The system cannot find the path specified. (0x3)
[1029/150705.157:ERROR:directory_reader_win.cc(43)] FindFirstFile: The system cannot find the path specified. (0x3)
[1030/144548.524:ERROR:directory_reader_win.cc(43)] FindFirstFile: The system cannot find the path specified. (0x3)
[1102/152649.594:ERROR:directory_reader_win.cc(43)] FindFirstFile: The system cannot find the path specified. (0x3)
[1103/150518.051:ERROR:directory_reader_win.cc(43)] FindFirstFile: The system cannot find the path specified. (0x3)
[1103/164240.247:ERROR:directory_reader_win.cc(43)] FindFirstFile: The system cannot find the path specified. (0x3)
[1103/235347.747:ERROR:exception_snapshot_win.cc(99)] thread ID 8372 not found in process
[1104/162851.822:ERROR:directory_reader_win.cc(43)] FindFirstFile: The system cannot find the path specified. (0x3)
[1109/205325.212:ERROR:directory_reader_win.cc(43)] FindFirstFile: The system cannot find the path specified. (0x3)
[0107/170627.714:ERROR:exit_code_watcher_win.cc(87)] Failed to wait for process exit or stop event
[0107/170627.895:ERROR:registration_protocol_win.cc(130)] TransactNamedPipe: The pipe has been ended. (0x6D)
[0107/170629.106:ERROR:exit_code_watcher_win.cc(87)] Failed to wait for process exit or stop event
[0107/170629.239:ERROR:registration_protocol_win.cc(130)] TransactNamedPipe: The pipe has been ended. (0x6D)
[0107/195423.306:ERROR:registration_protocol_win.cc(130)] TransactNamedPipe: The pipe has been ended. (0x6D)
[0108/143741.120:ERROR:exit_code_watcher_win.cc(87)] Failed to wait for process exit or stop event
[0108/143741.233:ERROR:registration_protocol_win.cc(130)] TransactNamedPipe: The pipe has been ended. (0x6D)
[0108/143741.224:ERROR:registration_protocol_win.cc(130)] TransactNamedPipe: The pipe has been ended. (0x6D)
[0108/195502.795:ERROR:registration_protocol_win.cc(130)] TransactNamedPipe: The pipe has been ended. (0x6D)
[0109/134251.878:ERROR:exit_code_watcher_win.cc(87)] Failed to wait for process exit or stop event
[0109/134252.008:ERROR:registration_protocol_win.cc(130)] TransactNamedPipe: The pipe has been ended. (0x6D)
[0109/134255.947:ERROR:exit_code_watcher_win.cc(87)] Failed to wait for process exit or stop event
[0109/134256.029:ERROR:registration_protocol_win.cc(130)] TransactNamedPipe: The pipe has been ended. (0x6D)
[0109/145407.545:ERROR:registration_protocol_win.cc(130)] TransactNamedPipe: The pipe has been ended. (0x6D)
[0111/153523.067:ERROR:exit_code_watcher_win.cc(87)] Failed to wait for process exit or stop event
[0111/153523.205:ERROR:registration_protocol_win.cc(130)] TransactNamedPipe: The pipe has been ended. (0x6D)
[0111/153523.797:ERROR:exit_code_watcher_win.cc(87)] Failed to wait for process exit or stop event
[0111/153523.908:ERROR:registration_protocol_win.cc(130)] TransactNamedPipe: The pipe has been ended. (0x6D)
[0112/143828.959:ERROR:registration_protocol_win.cc(130)] TransactNamedPipe: The pipe has been ended. (0x6D)
[0112/170215.019:ERROR:registration_protocol_win.cc(130)] TransactNamedPipe: The pipe has been ended. (0x6D)
[0113/152520.888:ERROR:exit_code_watcher_win.cc(87)] Failed to wait for process exit or stop event
[0113/152520.902:ERROR:exit_code_watcher_win.cc(87)] Failed to wait for process exit or stop event
[0113/152521.019:ERROR:registration_protocol_win.cc(130)] TransactNamedPipe: The pipe has been ended. (0x6D)
[0113/152521.032:ERROR:registration_protocol_win.cc(130)] TransactNamedPipe: The pipe has been ended. (0x6D)
[0114/154240.581:ERROR:registration_protocol_win.cc(130)] TransactNamedPipe: The pipe has been ended. (0x6D)
[0114/192842.182:ERROR:registration_protocol_win.cc(130)] TransactNamedPipe: The pipe has been ended. (0x6D)
[0115/143449.272:ERROR:registration_protocol_win.cc(130)] TransactNamedPipe: The pipe has been ended. (0x6D)
[0115/143458.242:ERROR:registration_protocol_win.cc(130)] TransactNamedPipe: The pipe has been ended. (0x6D)
[0118/152508.184:ERROR:registration_protocol_win.cc(130)] TransactNamedPipe: The pipe has been ended. (0x6D)
[0118/154556.534:ERROR:exit_code_watcher_win.cc(87)] Failed to wait for process exit or stop event
[0118/154556.631:ERROR:registration_protocol_win.cc(130)] TransactNamedPipe: The pipe has been ended. (0x6D)
[0118/164051.089:ERROR:registration_protocol_win.cc(130)] TransactNamedPipe: The pipe has been ended. (0x6D)
[0118/213545.933:ERROR:exit_code_watcher_win.cc(87)] Failed to wait for process exit or stop event
[0118/213546.011:ERROR:registration_protocol_win.cc(130)] TransactNamedPipe: The pipe has been ended. (0x6D)
[0118/213546.526:ERROR:registration_protocol_win.cc(130)] TransactNamedPipe: The pipe has been ended. (0x6D)
[0119/143342.835:ERROR:registration_protocol_win.cc(130)] TransactNamedPipe: The pipe has been ended. (0x6D)
[0119/143342.960:ERROR:registration_protocol_win.cc(130)] TransactNamedPipe: The pipe has been ended. (0x6D)
[0120/144514.803:ERROR:registration_protocol_win.cc(130)] TransactNamedPipe: The pipe has been ended. (0x6D)
[0120/164955.827:ERROR:registration_protocol_win.cc(130)] TransactNamedPipe: The pipe has been ended. (0x6D)
[0120/231645.284:ERROR:crashpad_client_win.cc(761)] crash server failed to launch, no dump captured
[0121/145928.897:ERROR:registration_protocol_win.cc(130)] TransactNamedPipe: The pipe has been ended. (0x6D)
[0121/145939.124:ERROR:registration_protocol_win.cc(130)] TransactNamedPipe: The pipe has been ended. (0x6D)
[0121/165139.300:ERROR:registration_protocol_win.cc(130)] TransactNamedPipe: The pipe has been ended. (0x6D)
[0121/165857.021:ERROR:registration_protocol_win.cc(130)] TransactNamedPipe: The pipe has been ended. (0x6D)
[0121/181728.249:ERROR:registration_protocol_win.cc(130)] TransactNamedPipe: The pipe has been ended. (0x6D)
[0122/150502.361:ERROR:registration_protocol_win.cc(130)] TransactNamedPipe: The pipe has been ended. (0x6D)
[0122/150524.106:ERROR:registration_protocol_win.cc(130)] TransactNamedPipe: The pipe has been ended. (0x6D)
[0122/151422.697:ERROR:registration_protocol_win.cc(130)] TransactNamedPipe: The pipe has been ended. (0x6D)
[0122/162135.007:ERROR:registration_protocol_win.cc(130)] TransactNamedPipe: The pipe has been ended. (0x6D)
[0122/163550.109:ERROR:registration_protocol_win.cc(130)] TransactNamedPipe: The pipe has been ended. (0x6D)
[0210/222634.560:ERROR:registration_protocol_win.cc(130)] TransactNamedPipe: The pipe has been ended. (0x6D)
[0210/222634.497:ERROR:registration_protocol_win.cc(130)] TransactNamedPipe: The pipe has been ended. (0x6D)
[0211/151634.666:ERROR:registration_protocol_win.cc(130)] TransactNamedPipe: The pipe has been ended. (0x6D)
[0211/151634.666:ERROR:registration_protocol_win.cc(130)] TransactNamedPipe: The pipe has been ended. (0x6D)
[0212/143143.852:ERROR:registration_protocol_win.cc(130)] TransactNamedPipe: The pipe has been ended. (0x6D)
[0212/143153.900:ERROR:registration_protocol_win.cc(130)] TransactNamedPipe: The pipe has been ended. (0x6D)
[0215/150041.475:ERROR:registration_protocol_win.cc(130)] TransactNamedPipe: The pipe has been ended. (0x6D)
[0215/150431.775:ERROR:registration_protocol_win.cc(130)] TransactNamedPipe: The pipe has been ended. (0x6D)
[0215/150700.742:ERROR:registration_protocol_win.cc(130)] TransactNamedPipe: The pipe has been ended. (0x6D)
[0215/221533.113:ERROR:registration_protocol_win.cc(130)] TransactNamedPipe: The pipe has been ended. (0x6D)
[0216/143952.918:ERROR:registration_protocol_win.cc(130)] TransactNamedPipe: The pipe has been ended. (0x6D)
[0216/143953.465:ERROR:registration_protocol_win.cc(130)] TransactNamedPipe: The pipe has been ended. (0x6D)
[0217/143812.347:ERROR:registration_protocol_win.cc(130)] TransactNamedPipe: The pipe has been ended. (0x6D)
[0217/144117.230:ERROR:registration_protocol_win.cc(130)] TransactNamedPipe: The pipe has been ended. (0x6D)
[0217/231120.406:ERROR:registration_protocol_win.cc(130)] TransactNamedPipe: The pipe has been ended. (0x6D)
[0218/143450.588:ERROR:registration_protocol_win.cc(130)] TransactNamedPipe: The pipe has been ended. (0x6D)
[0218/143452.447:ERROR:registration_protocol_win.cc(130)] TransactNamedPipe: The pipe has been ended. (0x6D)
[0219/160512.155:ERROR:registration_protocol_win.cc(130)] TransactNamedPipe: The pipe has been ended. (0x6D)
[0219/160513.967:ERROR:registration_protocol_win.cc(130)] TransactNamedPipe: The pipe has been ended. (0x6D)
[0219/223038.539:ERROR:registration_protocol_win.cc(130)] TransactNamedPipe: The pipe has been ended. (0x6D)
[0219/224315.637:ERROR:registration_protocol_win.cc(130)] TransactNamedPipe: The pipe has been ended. (0x6D)
[0220/135119.725:ERROR:registration_protocol_win.cc(130)] TransactNamedPipe: The pipe has been ended. (0x6D)
[0220/140013.236:ERROR:registration_protocol_win.cc(130)] TransactNamedPipe: The pipe has been ended. (0x6D)
[0220/141938.238:ERROR:registration_protocol_win.cc(130)] TransactNamedPipe: The pipe has been ended. (0x6D)
[0220/145927.138:ERROR:registration_protocol_win.cc(130)] TransactNamedPipe: The pipe has been ended. (0x6D)
[0220/150215.502:ERROR:registration_protocol_win.cc(130)] TransactNamedPipe: The pipe has been ended. (0x6D)
[0220/153550.981:ERROR:registration_protocol_win.cc(130)] TransactNamedPipe: The pipe has been ended. (0x6D)
[0220/164054.967:ERROR:registration_protocol_win.cc(130)] TransactNamedPipe: The pipe has been ended. (0x6D)
[0225/154818.999:ERROR:registration_protocol_win.cc(130)] TransactNamedPipe: The pipe has been ended. (0x6D)
[0225/154819.553:ERROR:registration_protocol_win.cc(130)] TransactNamedPipe: The pipe has been ended. (0x6D)
[0225/210644.091:ERROR:registration_protocol_win.cc(130)] TransactNamedPipe: The pipe has been ended. (0x6D)
[0226/151948.296:ERROR:registration_protocol_win.cc(130)] TransactNamedPipe: The pipe has been ended. (0x6D)
[0226/151948.374:ERROR:registration_protocol_win.cc(130)] TransactNamedPipe: The pipe has been ended. (0x6D)
[0226/212759.348:ERROR:registration_protocol_win.cc(130)] TransactNamedPipe: The pipe has been ended. (0x6D)
[0301/213139.916:ERROR:registration_protocol_win.cc(130)] TransactNamedPipe: The pipe has been ended. (0x6D)
[0302/162354.609:ERROR:registration_protocol_win.cc(130)] TransactNamedPipe: The pipe has been ended. (0x6D)
[0331/152559.090:ERROR:registration_protocol_win.cc(130)] TransactNamedPipe: The pipe has been ended. (0x6D)
[0401/145547.892:ERROR:registration_protocol_win.cc(130)] TransactNamedPipe: The pipe has been ended. (0x6D)
[0401/145548.054:ERROR:registration_protocol_win.cc(130)] TransactNamedPipe: The pipe has been ended. (0x6D)
[0401/162423.936:ERROR:registration_protocol_win.cc(130)] TransactNamedPipe: The pipe has been ended. (0x6D)
[0401/192424.551:ERROR:registration_protocol_win.cc(130)] TransactNamedPipe: The pipe has been ended. (0x6D)
[0402/144034.225:ERROR:registration_protocol_win.cc(130)] TransactNamedPipe: The pipe has been ended. (0x6D)
[0402/144034.202:ERROR:registration_protocol_win.cc(130)] TransactNamedPipe: The pipe has been ended. (0x6D)
[0403/140351.331:ERROR:registration_protocol_win.cc(130)] TransactNamedPipe: The pipe has been ended. (0x6D)
[0403/140351.244:ERROR:registration_protocol_win.cc(130)] TransactNamedPipe: The pipe has been ended. (0x6D)
[0405/151538.578:ERROR:registration_protocol_win.cc(130)] TransactNamedPipe: The pipe has been ended. (0x6D)
[0405/151538.599:ERROR:registration_protocol_win.cc(130)] TransactNamedPipe: The pipe has been ended. (0x6D)
[0406/144038.891:ERROR:registration_protocol_win.cc(130)] TransactNamedPipe: The pipe has been ended. (0x6D)
[0406/144038.906:ERROR:registration_protocol_win.cc(130)] TransactNamedPipe: The pipe has been ended. (0x6D)
[0407/152247.175:ERROR:registration_protocol_win.cc(130)] TransactNamedPipe: The pipe has been ended. (0x6D)
[0407/152247.249:ERROR:registration_protocol_win.cc(130)] TransactNamedPipe: The pipe has been ended. (0x6D)
[0407/190509.115:ERROR:registration_protocol_win.cc(130)] TransactNamedPipe: The pipe has been ended. (0x6D)
[0408/143338.224:ERROR:registration_protocol_win.cc(130)] TransactNamedPipe: The pipe has been ended. (0x6D)
[0408/143338.317:ERROR:registration_protocol_win.cc(130)] TransactNamedPipe: The pipe has been ended. (0x6D)
[0409/124434.169:ERROR:registration_protocol_win.cc(130)] TransactNamedPipe: The pipe has been ended. (0x6D)
[0409/124434.387:ERROR:registration_protocol_win.cc(130)] TransactNamedPipe: The pipe has been ended. (0x6D)
[0412/164256.998:ERROR:registration_protocol_win.cc(130)] TransactNamedPipe: The pipe has been ended. (0x6D)
[0412/164257.074:ERROR:registration_protocol_win.cc(130)] TransactNamedPipe: The pipe has been ended. (0x6D)
[0413/190735.144:ERROR:registration_protocol_win.cc(130)] TransactNamedPipe: The pipe has been ended. (0x6D)
[0414/151839.793:ERROR:registration_protocol_win.cc(130)] TransactNamedPipe: The pipe has been ended. (0x6D)
[0414/184949.234:ERROR:registration_protocol_win.cc(130)] TransactNamedPipe: The pipe has been ended. (0x6D)
[0415/142252.445:ERROR:registration_protocol_win.cc(130)] TransactNamedPipe: The pipe has been ended. (0x6D)
[0416/134243.014:ERROR:registration_protocol_win.cc(130)] TransactNamedPipe: The pipe has been ended. (0x6D)
[0416/140655.862:ERROR:registration_protocol_win.cc(130)] TransactNamedPipe: The pipe has been ended. (0x6D)
[0416/140731.173:ERROR:registration_protocol_win.cc(130)] TransactNamedPipe: The pipe has been ended. (0x6D)
[0416/141707.721:ERROR:registration_protocol_win.cc(130)] TransactNamedPipe: The pipe has been ended. (0x6D)
[0417/122715.198:ERROR:registration_protocol_win.cc(130)] TransactNamedPipe: The pipe has been ended. (0x6D)
[0417/122728.928:ERROR:registration_protocol_win.cc(130)] TransactNamedPipe: The pipe has been ended. (0x6D)
[0419/144129.556:ERROR:registration_protocol_win.cc(130)] TransactNamedPipe: The pipe has been ended. (0x6D)
[0419/144129.556:ERROR:registration_protocol_win.cc(130)] TransactNamedPipe: The pipe has been ended. (0x6D)
